<?xml version="1.0" encoding="UTF-8"?>
<coverage generated="1755526811756" clover="3.2.0">
  <project timestamp="1755526811756" name="All files">
    <metrics statements="4" coveredstatements="4" conditionals="2" coveredconditionals="2" methods="3" coveredmethods="3" elements="9" coveredelements="9" complexity="0" loc="4" ncloc="4" packages="1" files="1" classes="1"/>
    <file name="classNames.ts" path="C:\Users\Ira\.vscode\zadaci\src\shared\lib\classNames\classNames.ts">
      <metrics statements="4" coveredstatements="4" conditionals="2" coveredconditionals="2" methods="3" coveredmethods="3"/>
      <line num="3" count="6" type="cond" truecount="2" falsecount="0"/>
      <line num="4" count="5" type="stmt"/>
      <line num="8" count="6" type="stmt"/>
      <line num="9" count="4" type="stmt"/>
    </file>
  </project>
</coverage>
