{"C:\\Users\\Ira\\.vscode\\zadaci\\config\\jest\\jestEmptyComponent.tsx": {"path":"C:\\Users\\Ira\\.vscode\\zadaci\\config\\jest\\jestEmptyComponent.tsx","statementMap":{"0":{"start":{"line":1,"column":27},"end":{"line":3,"column":1}},"1":{"start":{"line":2,"column":4},"end":{"line":2,"column":null}},"2":{"start":{"line":5,"column":0},"end":{"line":5,"column":null}}},"fnMap":{"0":{"name":"(anonymous_0)","decl":{"start":{"line":1,"column":27},"end":{"line":1,"column":null}},"loc":{"start":{"line":1,"column":27},"end":{"line":3,"column":1}}}},"branchMap":{},"s":{"0":1,"1":3,"2":1},"f":{"0":3},"b":{}}
,"C:\\Users\\Ira\\.vscode\\zadaci\\src\\app\\providers\\ThemeProvider\\index.ts": {"path":"C:\\Users\\Ira\\.vscode\\zadaci\\src\\app\\providers\\ThemeProvider\\index.ts","statementMap":{"0":{"start":{"line":1,"column":0},"end":{"line":1,"column":7}},"1":{"start":{"line":6,"column":4},"end":{"line":1,"column":47}},"2":{"start":{"line":2,"column":0},"end":{"line":2,"column":9}},"3":{"start":{"line":7,"column":4},"end":{"line":2,"column":42}},"4":{"start":{"line":3,"column":0},"end":{"line":3,"column":9}},"5":{"start":{"line":8,"column":4},"end":{"line":3,"column":43}}},"fnMap":{"0":{"name":"(anonymous_1)","decl":{"start":{"line":7,"column":4},"end":{"line":7,"column":12}},"loc":{"start":{"line":7,"column":4},"end":{"line":2,"column":42}}},"1":{"name":"(anonymous_2)","decl":{"start":{"line":8,"column":4},"end":{"line":8,"column":9}},"loc":{"start":{"line":8,"column":4},"end":{"line":3,"column":43}}}},"branchMap":{},"s":{"0":1,"1":1,"2":1,"3":4,"4":1,"5":4},"f":{"0":3,"1":3},"b":{}}
,"C:\\Users\\Ira\\.vscode\\zadaci\\src\\app\\providers\\ThemeProvider\\lib\\ThemeContext.ts": {"path":"C:\\Users\\Ira\\.vscode\\zadaci\\src\\app\\providers\\ThemeProvider\\lib\\ThemeContext.ts","statementMap":{"0":{"start":{"line":1,"column":0},"end":{"line":1,"column":38}},"1":{"start":{"line":3,"column":0},"end":{"line":3,"column":null}},"2":{"start":{"line":4,"column":4},"end":{"line":4,"column":null}},"3":{"start":{"line":5,"column":4},"end":{"line":5,"column":null}},"4":{"start":{"line":13,"column":13},"end":{"line":13,"column":null}},"5":{"start":{"line":15,"column":13},"end":{"line":15,"column":null}}},"fnMap":{"0":{"name":"(anonymous_0)","decl":{"start":{"line":3,"column":0},"end":{"line":3,"column":12}},"loc":{"start":{"line":3,"column":17},"end":{"line":6,"column":1}}},"1":{"name":"(anonymous_1)","decl":{"start":{"line":13,"column":93},"end":{"line":13,"column":94}},"loc":{"start":{"line":13,"column":106},"end":{"line":13,"column":114}}}},"branchMap":{"0":{"loc":{"start":{"line":3,"column":12},"end":{"line":3,"column":null}},"type":"binary-expr","locations":[{"start":{"line":3,"column":12},"end":{"line":3,"column":17}},{"start":{"line":3,"column":17},"end":{"line":3,"column":null}}]}},"s":{"0":1,"1":1,"2":1,"3":1,"4":1,"5":1},"f":{"0":1,"1":0},"b":{"0":[1,1]}}
,"C:\\Users\\Ira\\.vscode\\zadaci\\src\\app\\providers\\ThemeProvider\\lib\\useTheme.ts": {"path":"C:\\Users\\Ira\\.vscode\\zadaci\\src\\app\\providers\\ThemeProvider\\lib\\useTheme.ts","statementMap":{"0":{"start":{"line":10,"column":0},"end":{"line":10,"column":16}},"1":{"start":{"line":1,"column":0},"end":{"line":1,"column":34}},"2":{"start":{"line":2,"column":0},"end":{"line":2,"column":77}},"3":{"start":{"line":12,"column":32},"end":{"line":12,"column":56}},"4":{"start":{"line":12,"column":17},"end":{"line":12,"column":19}},"5":{"start":{"line":12,"column":27},"end":{"line":12,"column":32}},"6":{"start":{"line":14,"column":24},"end":{"line":18,"column":5}},"7":{"start":{"line":15,"column":25},"end":{"line":15,"column":72}},"8":{"start":{"line":16,"column":8},"end":{"line":16,"column":null}},"9":{"start":{"line":17,"column":8},"end":{"line":17,"column":null}},"10":{"start":{"line":20,"column":4},"end":{"line":22,"column":null}}},"fnMap":{"0":{"name":"useTheme","decl":{"start":{"line":10,"column":16},"end":{"line":10,"column":24}},"loc":{"start":{"line":10,"column":24},"end":{"line":23,"column":1}}},"1":{"name":"(anonymous_1)","decl":{"start":{"line":14,"column":24},"end":{"line":14,"column":null}},"loc":{"start":{"line":14,"column":24},"end":{"line":18,"column":5}}}},"branchMap":{"0":{"loc":{"start":{"line":15,"column":25},"end":{"line":15,"column":72}},"type":"cond-expr","locations":[{"start":{"line":15,"column":48},"end":{"line":15,"column":59}},{"start":{"line":15,"column":62},"end":{"line":15,"column":72}}]}},"s":{"0":1,"1":1,"2":1,"3":3,"4":3,"5":3,"6":3,"7":0,"8":0,"9":0,"10":3},"f":{"0":3,"1":0},"b":{"0":[0,0]}}
,"C:\\Users\\Ira\\.vscode\\zadaci\\src\\app\\providers\\ThemeProvider\\ui\\ThemeProvider.tsx": {"path":"C:\\Users\\Ira\\.vscode\\zadaci\\src\\app\\providers\\ThemeProvider\\ui\\ThemeProvider.tsx","statementMap":{"0":{"start":{"line":1,"column":0},"end":{"line":1,"column":64}},"1":{"start":{"line":2,"column":0},"end":{"line":2,"column":82}},"2":{"start":{"line":4,"column":21},"end":{"line":4,"column":90}},"3":{"start":{"line":6,"column":45},"end":{"line":20,"column":1}},"4":{"start":{"line":6,"column":55},"end":{"line":6,"column":56}},"5":{"start":{"line":8,"column":30},"end":{"line":8,"column":59}},"6":{"start":{"line":8,"column":16},"end":{"line":8,"column":18}},"7":{"start":{"line":8,"column":26},"end":{"line":8,"column":30}},"8":{"start":{"line":10,"column":25},"end":{"line":13,"column":16}},"9":{"start":{"line":10,"column":39},"end":{"line":13,"column":8}},"10":{"start":{"line":15,"column":4},"end":{"line":19,"column":null}},"11":{"start":{"line":22,"column":0},"end":{"line":22,"column":null}}},"fnMap":{"0":{"name":"(anonymous_0)","decl":{"start":{"line":6,"column":45},"end":{"line":6,"column":46}},"loc":{"start":{"line":6,"column":56},"end":{"line":20,"column":1}}},"1":{"name":"(anonymous_1)","decl":{"start":{"line":10,"column":33},"end":{"line":10,"column":39}},"loc":{"start":{"line":10,"column":33},"end":{"line":10,"column":40}}}},"branchMap":{"0":{"loc":{"start":{"line":4,"column":21},"end":{"line":4,"column":90}},"type":"binary-expr","locations":[{"start":{"line":4,"column":21},"end":{"line":4,"column":75}},{"start":{"line":4,"column":79},"end":{"line":4,"column":90}}]}},"s":{"0":1,"1":1,"2":1,"3":1,"4":0,"5":0,"6":0,"7":0,"8":0,"9":0,"10":0,"11":1},"f":{"0":0,"1":0},"b":{"0":[1,1]}}
,"C:\\Users\\Ira\\.vscode\\zadaci\\src\\shared\\config\\i18n\\i18n.ts": {"path":"C:\\Users\\Ira\\.vscode\\zadaci\\src\\shared\\config\\i18n\\i18n.ts","statementMap":{"0":{"start":{"line":1,"column":0},"end":{"line":1,"column":27}},"1":{"start":{"line":2,"column":0},"end":{"line":2,"column":49}},"2":{"start":{"line":4,"column":0},"end":{"line":4,"column":43}},"3":{"start":{"line":5,"column":0},"end":{"line":5,"column":64}},"4":{"start":{"line":7,"column":0},"end":{"line":22,"column":7}},"5":{"start":{"line":25,"column":0},"end":{"line":25,"column":20}}},"fnMap":{},"branchMap":{"0":{"loc":{"start":{"line":13,"column":15},"end":{"line":13,"column":40}},"type":"cond-expr","locations":[{"start":{"line":13,"column":28},"end":{"line":13,"column":32}},{"start":{"line":13,"column":35},"end":{"line":13,"column":40}}]}},"s":{"0":1,"1":1,"2":1,"3":1,"4":1,"5":1},"f":{},"b":{"0":[1,0]}}
,"C:\\Users\\Ira\\.vscode\\zadaci\\src\\shared\\config\\i18n\\i18nForTest.ts": {"path":"C:\\Users\\Ira\\.vscode\\zadaci\\src\\shared\\config\\i18n\\i18nForTest.ts","statementMap":{"0":{"start":{"line":1,"column":0},"end":{"line":1,"column":49}},"1":{"start":{"line":2,"column":0},"end":{"line":2,"column":26}},"2":{"start":{"line":4,"column":0},"end":{"line":19,"column":7}},"3":{"start":{"line":21,"column":0},"end":{"line":21,"column":20}}},"fnMap":{},"branchMap":{},"s":{"0":1,"1":1,"2":1,"3":1},"f":{},"b":{}}
,"C:\\Users\\Ira\\.vscode\\zadaci\\src\\shared\\lib\\classNames\\classNames.ts": {"path":"C:\\Users\\Ira\\.vscode\\zadaci\\src\\shared\\lib\\classNames\\classNames.ts","statementMap":{"0":{"start":{"line":3,"column":0},"end":{"line":3,"column":16}},"1":{"start":{"line":3,"column":40},"end":{"line":3,"column":57}},"2":{"start":{"line":3,"column":57},"end":{"line":3,"column":null}},"3":{"start":{"line":4,"column":4},"end":{"line":11,"column":19}},"4":{"start":{"line":8,"column":23},"end":{"line":8,"column":25}},"5":{"start":{"line":8,"column":30},"end":{"line":8,"column":31}},"6":{"start":{"line":8,"column":36},"end":{"line":8,"column":51}},"7":{"start":{"line":9,"column":28},"end":{"line":9,"column":29}},"8":{"start":{"line":9,"column":34},"end":{"line":9,"column":44}}},"fnMap":{"0":{"name":"classNames","decl":{"start":{"line":3,"column":16},"end":{"line":3,"column":26}},"loc":{"start":{"line":3,"column":82},"end":{"line":12,"column":1}}},"1":{"name":"(anonymous_2)","decl":{"start":{"line":8,"column":20},"end":{"line":8,"column":21}},"loc":{"start":{"line":8,"column":31},"end":{"line":8,"column":43}}},"2":{"name":"(anonymous_3)","decl":{"start":{"line":9,"column":17},"end":{"line":9,"column":18}},"loc":{"start":{"line":9,"column":29},"end":{"line":9,"column":43}}}},"branchMap":{"0":{"loc":{"start":{"line":3,"column":40},"end":{"line":3,"column":57}},"type":"if","locations":[{"start":{"line":3,"column":40},"end":{"line":3,"column":57}}]},"1":{"loc":{"start":{"line":3,"column":57},"end":{"line":3,"column":null}},"type":"if","locations":[{"start":{"line":3,"column":57},"end":{"line":3,"column":null}}]}},"s":{"0":1,"1":16,"2":16,"3":16,"4":3,"5":3,"6":3,"7":1,"8":1},"f":{"0":16,"1":3,"2":1},"b":{"0":[0],"1":[0]}}
,"C:\\Users\\Ira\\.vscode\\zadaci\\src\\shared\\lib\\tests\\renderWithTranslations\\renderWithTranslations.tsx": {"path":"C:\\Users\\Ira\\.vscode\\zadaci\\src\\shared\\lib\\tests\\renderWithTranslations\\renderWithTranslations.tsx","statementMap":{"0":{"start":{"line":6,"column":0},"end":{"line":6,"column":16}},"1":{"start":{"line":2,"column":0},"end":{"line":2,"column":48}},"2":{"start":{"line":3,"column":0},"end":{"line":3,"column":48}},"3":{"start":{"line":4,"column":0},"end":{"line":4,"column":58}},"4":{"start":{"line":7,"column":4},"end":{"line":11,"column":null}}},"fnMap":{"0":{"name":"renderWithTranslations","decl":{"start":{"line":6,"column":16},"end":{"line":6,"column":38}},"loc":{"start":{"line":6,"column":59},"end":{"line":12,"column":1}}}},"branchMap":{},"s":{"0":1,"1":1,"2":1,"3":1,"4":2},"f":{"0":2},"b":{}}
,"C:\\Users\\Ira\\.vscode\\zadaci\\src\\shared\\ui\\Button\\Button.tsx": {"path":"C:\\Users\\Ira\\.vscode\\zadaci\\src\\shared\\ui\\Button\\Button.tsx","statementMap":{"0":{"start":{"line":1,"column":0},"end":{"line":1,"column":61}},"1":{"start":{"line":2,"column":0},"end":{"line":2,"column":41}},"2":{"start":{"line":4,"column":0},"end":{"line":4,"column":null}},"3":{"start":{"line":5,"column":4},"end":{"line":5,"column":null}},"4":{"start":{"line":13,"column":46},"end":{"line":31,"column":1}},"5":{"start":{"line":20,"column":8},"end":{"line":20,"column":null}},"6":{"start":{"line":19,"column":21},"end":{"line":20,"column":8}},"7":{"start":{"line":22,"column":4},"end":{"line":30,"column":null}},"8":{"start":{"line":13,"column":13},"end":{"line":13,"column":46}}},"fnMap":{"0":{"name":"(anonymous_4)","decl":{"start":{"line":4,"column":0},"end":{"line":4,"column":12}},"loc":{"start":{"line":4,"column":23},"end":{"line":6,"column":1}}},"1":{"name":"(anonymous_5)","decl":{"start":{"line":13,"column":46},"end":{"line":13,"column":47}},"loc":{"start":{"line":13,"column":52},"end":{"line":31,"column":1}}}},"branchMap":{"0":{"loc":{"start":{"line":4,"column":12},"end":{"line":4,"column":null}},"type":"binary-expr","locations":[{"start":{"line":4,"column":12},"end":{"line":4,"column":23}},{"start":{"line":4,"column":23},"end":{"line":4,"column":null}}]}},"s":{"0":1,"1":1,"2":1,"3":1,"4":1,"5":18,"6":6,"7":6,"8":1},"f":{"0":1,"1":6},"b":{"0":[1,1]}}
,"C:\\Users\\Ira\\.vscode\\zadaci\\src\\widgets\\LanguageSwither\\index.ts": {"path":"C:\\Users\\Ira\\.vscode\\zadaci\\src\\widgets\\LanguageSwither\\index.ts","statementMap":{"0":{"start":{"line":1,"column":0},"end":{"line":1,"column":9}},"1":{"start":{"line":3,"column":9},"end":{"line":1,"column":55}}},"fnMap":{"0":{"name":"(anonymous_0)","decl":{"start":{"line":3,"column":9},"end":{"line":3,"column":24}},"loc":{"start":{"line":3,"column":9},"end":{"line":1,"column":55}}}},"branchMap":{},"s":{"0":1,"1":4},"f":{"0":3},"b":{}}
,"C:\\Users\\Ira\\.vscode\\zadaci\\src\\widgets\\LanguageSwither\\ui\\LanguageSwither.tsx": {"path":"C:\\Users\\Ira\\.vscode\\zadaci\\src\\widgets\\LanguageSwither\\ui\\LanguageSwither.tsx","statementMap":{"0":{"start":{"line":1,"column":0},"end":{"line":1,"column":61}},"1":{"start":{"line":2,"column":0},"end":{"line":2,"column":50}},"2":{"start":{"line":3,"column":0},"end":{"line":3,"column":47}},"3":{"start":{"line":4,"column":0},"end":{"line":4,"column":62}},"4":{"start":{"line":10,"column":31},"end":{"line":27,"column":1}},"5":{"start":{"line":10,"column":43},"end":{"line":10,"column":68}},"6":{"start":{"line":12,"column":24},"end":{"line":12,"column":40}},"7":{"start":{"line":12,"column":13},"end":{"line":12,"column":15}},"8":{"start":{"line":12,"column":19},"end":{"line":12,"column":24}},"9":{"start":{"line":14,"column":19},"end":{"line":16,"column":5}},"10":{"start":{"line":15,"column":8},"end":{"line":15,"column":66}},"11":{"start":{"line":18,"column":4},"end":{"line":26,"column":null}},"12":{"start":{"line":10,"column":13},"end":{"line":10,"column":31}}},"fnMap":{"0":{"name":"(anonymous_1)","decl":{"start":{"line":10,"column":31},"end":{"line":10,"column":32}},"loc":{"start":{"line":10,"column":68},"end":{"line":27,"column":1}}},"1":{"name":"(anonymous_2)","decl":{"start":{"line":14,"column":19},"end":{"line":14,"column":null}},"loc":{"start":{"line":14,"column":19},"end":{"line":16,"column":5}}}},"branchMap":{"0":{"loc":{"start":{"line":15,"column":28},"end":{"line":15,"column":64}},"type":"cond-expr","locations":[{"start":{"line":15,"column":53},"end":{"line":15,"column":57}},{"start":{"line":15,"column":60},"end":{"line":15,"column":64}}]},"1":{"loc":{"start":{"line":24,"column":15},"end":{"line":24,"column":64}},"type":"cond-expr","locations":[{"start":{"line":24,"column":40},"end":{"line":24,"column":49}},{"start":{"line":24,"column":52},"end":{"line":24,"column":64}}]}},"s":{"0":1,"1":1,"2":1,"3":1,"4":1,"5":4,"6":4,"7":4,"8":4,"9":4,"10":0,"11":4,"12":1},"f":{"0":4,"1":0},"b":{"0":[0,0],"1":[4,0]}}
,"C:\\Users\\Ira\\.vscode\\zadaci\\src\\widgets\\Sidebar\\ui\\Sidebar\\Sidebar.tsx": {"path":"C:\\Users\\Ira\\.vscode\\zadaci\\src\\widgets\\Sidebar\\ui\\Sidebar\\Sidebar.tsx","statementMap":{"0":{"start":{"line":1,"column":0},"end":{"line":1,"column":61}},"1":{"start":{"line":2,"column":0},"end":{"line":2,"column":42}},"2":{"start":{"line":3,"column":0},"end":{"line":3,"column":33}},"3":{"start":{"line":4,"column":0},"end":{"line":4,"column":54}},"4":{"start":{"line":5,"column":0},"end":{"line":5,"column":58}},"5":{"start":{"line":11,"column":23},"end":{"line":37,"column":1}},"6":{"start":{"line":11,"column":35},"end":{"line":11,"column":52}},"7":{"start":{"line":13,"column":38},"end":{"line":13,"column":53}},"8":{"start":{"line":13,"column":20},"end":{"line":13,"column":22}},"9":{"start":{"line":13,"column":34},"end":{"line":13,"column":38}},"10":{"start":{"line":15,"column":21},"end":{"line":17,"column":5}},"11":{"start":{"line":16,"column":8},"end":{"line":16,"column":33}},"12":{"start":{"line":19,"column":4},"end":{"line":36,"column":null}},"13":{"start":{"line":11,"column":13},"end":{"line":11,"column":23}}},"fnMap":{"0":{"name":"(anonymous_1)","decl":{"start":{"line":11,"column":23},"end":{"line":11,"column":24}},"loc":{"start":{"line":11,"column":52},"end":{"line":37,"column":1}}},"1":{"name":"(anonymous_2)","decl":{"start":{"line":15,"column":21},"end":{"line":15,"column":null}},"loc":{"start":{"line":15,"column":21},"end":{"line":17,"column":5}}}},"branchMap":{"0":{"loc":{"start":{"line":29,"column":17},"end":{"line":29,"column":38}},"type":"cond-expr","locations":[{"start":{"line":29,"column":29},"end":{"line":29,"column":32}},{"start":{"line":29,"column":35},"end":{"line":29,"column":38}}]}},"s":{"0":1,"1":1,"2":1,"3":1,"4":1,"5":1,"6":3,"7":3,"8":3,"9":3,"10":3,"11":1,"12":3,"13":1},"f":{"0":3,"1":1},"b":{"0":[1,2]}}
,"C:\\Users\\Ira\\.vscode\\zadaci\\src\\widgets\\ThemeSwitcher\\index.ts": {"path":"C:\\Users\\Ira\\.vscode\\zadaci\\src\\widgets\\ThemeSwitcher\\index.ts","statementMap":{"0":{"start":{"line":1,"column":0},"end":{"line":1,"column":9}},"1":{"start":{"line":3,"column":9},"end":{"line":1,"column":51}}},"fnMap":{"0":{"name":"(anonymous_0)","decl":{"start":{"line":3,"column":9},"end":{"line":3,"column":22}},"loc":{"start":{"line":3,"column":9},"end":{"line":1,"column":51}}}},"branchMap":{},"s":{"0":1,"1":4},"f":{"0":3},"b":{}}
,"C:\\Users\\Ira\\.vscode\\zadaci\\src\\widgets\\ThemeSwitcher\\ui\\ThemeSwitcher.tsx": {"path":"C:\\Users\\Ira\\.vscode\\zadaci\\src\\widgets\\ThemeSwitcher\\ui\\ThemeSwitcher.tsx","statementMap":{"0":{"start":{"line":1,"column":0},"end":{"line":1,"column":61}},"1":{"start":{"line":2,"column":0},"end":{"line":2,"column":62}},"2":{"start":{"line":3,"column":0},"end":{"line":3,"column":57}},"3":{"start":{"line":4,"column":0},"end":{"line":4,"column":59}},"4":{"start":{"line":5,"column":0},"end":{"line":5,"column":62}},"5":{"start":{"line":11,"column":29},"end":{"line":25,"column":1}},"6":{"start":{"line":11,"column":41},"end":{"line":11,"column":64}},"7":{"start":{"line":13,"column":35},"end":{"line":13,"column":45}},"8":{"start":{"line":13,"column":17},"end":{"line":13,"column":19}},"9":{"start":{"line":13,"column":30},"end":{"line":13,"column":35}},"10":{"start":{"line":15,"column":4},"end":{"line":24,"column":null}},"11":{"start":{"line":11,"column":13},"end":{"line":11,"column":29}}},"fnMap":{"0":{"name":"(anonymous_1)","decl":{"start":{"line":11,"column":29},"end":{"line":11,"column":30}},"loc":{"start":{"line":11,"column":64},"end":{"line":25,"column":1}}}},"branchMap":{"0":{"loc":{"start":{"line":21,"column":13},"end":{"line":21,"column":65}},"type":"cond-expr","locations":[{"start":{"line":21,"column":37},"end":{"line":21,"column":50}},{"start":{"line":21,"column":53},"end":{"line":21,"column":65}}]}},"s":{"0":1,"1":1,"2":1,"3":1,"4":1,"5":1,"6":3,"7":3,"8":3,"9":3,"10":3,"11":1},"f":{"0":3},"b":{"0":[3,0]}}
}
