{"C:\\Users\\Ira\\.vscode\\zadaci\\config\\jest\\jestEmptyComponent.tsx": {"path":"C:\\Users\\Ira\\.vscode\\zadaci\\config\\jest\\jestEmptyComponent.tsx","statementMap":{"0":{"start":{"line":1,"column":27},"end":{"line":3,"column":1}},"1":{"start":{"line":2,"column":4},"end":{"line":2,"column":null}},"2":{"start":{"line":5,"column":0},"end":{"line":5,"column":null}}},"fnMap":{"0":{"name":"(anonymous_0)","decl":{"start":{"line":1,"column":27},"end":{"line":1,"column":null}},"loc":{"start":{"line":1,"column":27},"end":{"line":3,"column":1}}}},"branchMap":{},"s":{"0":1,"1":9,"2":1},"f":{"0":9},"b":{}}
,"C:\\Users\\Ira\\.vscode\\zadaci\\src\\app\\providers\\ThemeProvider\\index.ts": {"path":"C:\\Users\\Ira\\.vscode\\zadaci\\src\\app\\providers\\ThemeProvider\\index.ts","statementMap":{"0":{"start":{"line":1,"column":0},"end":{"line":1,"column":7}},"1":{"start":{"line":6,"column":4},"end":{"line":1,"column":47}},"2":{"start":{"line":2,"column":0},"end":{"line":2,"column":9}},"3":{"start":{"line":7,"column":4},"end":{"line":2,"column":42}},"4":{"start":{"line":3,"column":0},"end":{"line":3,"column":9}},"5":{"start":{"line":8,"column":4},"end":{"line":3,"column":43}}},"fnMap":{"0":{"name":"(anonymous_1)","decl":{"start":{"line":7,"column":4},"end":{"line":7,"column":12}},"loc":{"start":{"line":7,"column":4},"end":{"line":2,"column":42}}},"1":{"name":"(anonymous_2)","decl":{"start":{"line":8,"column":4},"end":{"line":8,"column":9}},"loc":{"start":{"line":8,"column":4},"end":{"line":3,"column":43}}}},"branchMap":{},"s":{"0":1,"1":1,"2":1,"3":4,"4":1,"5":4},"f":{"0":3,"1":3},"b":{}}
,"C:\\Users\\Ira\\.vscode\\zadaci\\src\\app\\providers\\ThemeProvider\\lib\\ThemeContext.ts": {"path":"C:\\Users\\Ira\\.vscode\\zadaci\\src\\app\\providers\\ThemeProvider\\lib\\ThemeContext.ts","statementMap":{"0":{"start":{"line":1,"column":0},"end":{"line":1,"column":38}},"1":{"start":{"line":3,"column":0},"end":{"line":3,"column":null}},"2":{"start":{"line":4,"column":4},"end":{"line":4,"column":null}},"3":{"start":{"line":5,"column":4},"end":{"line":5,"column":null}},"4":{"start":{"line":13,"column":13},"end":{"line":13,"column":null}},"5":{"start":{"line":15,"column":13},"end":{"line":15,"column":null}}},"fnMap":{"0":{"name":"(anonymous_0)","decl":{"start":{"line":3,"column":0},"end":{"line":3,"column":12}},"loc":{"start":{"line":3,"column":17},"end":{"line":6,"column":1}}},"1":{"name":"(anonymous_1)","decl":{"start":{"line":13,"column":93},"end":{"line":13,"column":94}},"loc":{"start":{"line":13,"column":106},"end":{"line":13,"column":114}}}},"branchMap":{"0":{"loc":{"start":{"line":3,"column":12},"end":{"line":3,"column":null}},"type":"binary-expr","locations":[{"start":{"line":3,"column":12},"end":{"line":3,"column":17}},{"start":{"line":3,"column":17},"end":{"line":3,"column":null}}]}},"s":{"0":1,"1":1,"2":1,"3":1,"4":1,"5":1},"f":{"0":1,"1":0},"b":{"0":[1,1]}}
,"C:\\Users\\Ira\\.vscode\\zadaci\\src\\app\\providers\\ThemeProvider\\lib\\useTheme.ts": {"path":"C:\\Users\\Ira\\.vscode\\zadaci\\src\\app\\providers\\ThemeProvider\\lib\\useTheme.ts","statementMap":{"0":{"start":{"line":10,"column":0},"end":{"line":10,"column":16}},"1":{"start":{"line":1,"column":0},"end":{"line":1,"column":34}},"2":{"start":{"line":2,"column":0},"end":{"line":2,"column":77}},"3":{"start":{"line":12,"column":32},"end":{"line":12,"column":56}},"4":{"start":{"line":12,"column":17},"end":{"line":12,"column":19}},"5":{"start":{"line":12,"column":27},"end":{"line":12,"column":32}},"6":{"start":{"line":14,"column":24},"end":{"line":18,"column":5}},"7":{"start":{"line":15,"column":25},"end":{"line":15,"column":72}},"8":{"start":{"line":16,"column":8},"end":{"line":16,"column":null}},"9":{"start":{"line":17,"column":8},"end":{"line":17,"column":null}},"10":{"start":{"line":20,"column":4},"end":{"line":22,"column":null}}},"fnMap":{"0":{"name":"useTheme","decl":{"start":{"line":10,"column":16},"end":{"line":10,"column":24}},"loc":{"start":{"line":10,"column":24},"end":{"line":23,"column":1}}},"1":{"name":"(anonymous_1)","decl":{"start":{"line":14,"column":24},"end":{"line":14,"column":null}},"loc":{"start":{"line":14,"column":24},"end":{"line":18,"column":5}}}},"branchMap":{"0":{"loc":{"start":{"line":15,"column":25},"end":{"line":15,"column":72}},"type":"cond-expr","locations":[{"start":{"line":15,"column":48},"end":{"line":15,"column":59}},{"start":{"line":15,"column":62},"end":{"line":15,"column":72}}]}},"s":{"0":1,"1":1,"2":1,"3":3,"4":3,"5":3,"6":3,"7":0,"8":0,"9":0,"10":3},"f":{"0":3,"1":0},"b":{"0":[0,0]}}
,"C:\\Users\\Ira\\.vscode\\zadaci\\src\\app\\providers\\ThemeProvider\\ui\\ThemeProvider.tsx": {"path":"C:\\Users\\Ira\\.vscode\\zadaci\\src\\app\\providers\\ThemeProvider\\ui\\ThemeProvider.tsx","statementMap":{"0":{"start":{"line":1,"column":0},"end":{"line":1,"column":64}},"1":{"start":{"line":2,"column":0},"end":{"line":2,"column":82}},"2":{"start":{"line":4,"column":21},"end":{"line":4,"column":90}},"3":{"start":{"line":6,"column":45},"end":{"line":20,"column":1}},"4":{"start":{"line":6,"column":55},"end":{"line":6,"column":56}},"5":{"start":{"line":8,"column":30},"end":{"line":8,"column":59}},"6":{"start":{"line":8,"column":16},"end":{"line":8,"column":18}},"7":{"start":{"line":8,"column":26},"end":{"line":8,"column":30}},"8":{"start":{"line":10,"column":25},"end":{"line":13,"column":16}},"9":{"start":{"line":10,"column":39},"end":{"line":13,"column":8}},"10":{"start":{"line":15,"column":4},"end":{"line":19,"column":null}},"11":{"start":{"line":22,"column":0},"end":{"line":22,"column":null}}},"fnMap":{"0":{"name":"(anonymous_0)","decl":{"start":{"line":6,"column":45},"end":{"line":6,"column":46}},"loc":{"start":{"line":6,"column":56},"end":{"line":20,"column":1}}},"1":{"name":"(anonymous_1)","decl":{"start":{"line":10,"column":33},"end":{"line":10,"column":39}},"loc":{"start":{"line":10,"column":33},"end":{"line":10,"column":40}}}},"branchMap":{"0":{"loc":{"start":{"line":4,"column":21},"end":{"line":4,"column":90}},"type":"binary-expr","locations":[{"start":{"line":4,"column":21},"end":{"line":4,"column":75}},{"start":{"line":4,"column":79},"end":{"line":4,"column":90}}]}},"s":{"0":1,"1":1,"2":1,"3":1,"4":0,"5":0,"6":0,"7":0,"8":0,"9":0,"10":0,"11":1},"f":{"0":0,"1":0},"b":{"0":[1,1]}}
,"C:\\Users\\Ira\\.vscode\\zadaci\\src\\pages\\AboutPage\\index.ts": {"path":"C:\\Users\\Ira\\.vscode\\zadaci\\src\\pages\\AboutPage\\index.ts","statementMap":{"0":{"start":{"line":1,"column":0},"end":{"line":1,"column":9}},"1":{"start":{"line":5,"column":22},"end":{"line":1,"column":54}}},"fnMap":{"0":{"name":"(anonymous_0)","decl":{"start":{"line":5,"column":22},"end":{"line":5,"column":31}},"loc":{"start":{"line":5,"column":22},"end":{"line":1,"column":54}}}},"branchMap":{},"s":{"0":1,"1":2},"f":{"0":1},"b":{}}
,"C:\\Users\\Ira\\.vscode\\zadaci\\src\\pages\\AboutPage\\ui\\AboutPage.async.tsx": {"path":"C:\\Users\\Ira\\.vscode\\zadaci\\src\\pages\\AboutPage\\ui\\AboutPage.async.tsx","statementMap":{"0":{"start":{"line":1,"column":0},"end":{"line":1,"column":29}},"1":{"start":{"line":3,"column":13},"end":{"line":3,"column":60}},"2":{"start":{"line":3,"column":41},"end":{"line":3,"column":58}}},"fnMap":{"0":{"name":"(anonymous_9)","decl":{"start":{"line":3,"column":35},"end":{"line":3,"column":41}},"loc":{"start":{"line":3,"column":35},"end":{"line":3,"column":48}}},"1":{"name":"(anonymous_10)","decl":{"start":{"line":3,"column":41},"end":{"line":3,"column":48}},"loc":{"start":{"line":3,"column":41},"end":{"line":3,"column":58}}}},"branchMap":{},"s":{"0":1,"1":1,"2":0},"f":{"0":0,"1":0},"b":{}}
,"C:\\Users\\Ira\\.vscode\\zadaci\\src\\pages\\MainPage\\index.ts": {"path":"C:\\Users\\Ira\\.vscode\\zadaci\\src\\pages\\MainPage\\index.ts","statementMap":{"0":{"start":{"line":1,"column":0},"end":{"line":1,"column":9}},"1":{"start":{"line":4,"column":21},"end":{"line":1,"column":52}}},"fnMap":{"0":{"name":"(anonymous_0)","decl":{"start":{"line":4,"column":21},"end":{"line":4,"column":29}},"loc":{"start":{"line":4,"column":21},"end":{"line":1,"column":52}}}},"branchMap":{},"s":{"0":1,"1":2},"f":{"0":1},"b":{}}
,"C:\\Users\\Ira\\.vscode\\zadaci\\src\\pages\\MainPage\\ui\\mainPage.async.tsx": {"path":"C:\\Users\\Ira\\.vscode\\zadaci\\src\\pages\\MainPage\\ui\\mainPage.async.tsx","statementMap":{"0":{"start":{"line":1,"column":0},"end":{"line":1,"column":29}},"1":{"start":{"line":3,"column":13},"end":{"line":3,"column":58}},"2":{"start":{"line":3,"column":40},"end":{"line":3,"column":56}}},"fnMap":{"0":{"name":"(anonymous_9)","decl":{"start":{"line":3,"column":34},"end":{"line":3,"column":40}},"loc":{"start":{"line":3,"column":34},"end":{"line":3,"column":47}}},"1":{"name":"(anonymous_10)","decl":{"start":{"line":3,"column":40},"end":{"line":3,"column":47}},"loc":{"start":{"line":3,"column":40},"end":{"line":3,"column":56}}}},"branchMap":{},"s":{"0":1,"1":1,"2":0},"f":{"0":0,"1":0},"b":{}}
,"C:\\Users\\Ira\\.vscode\\zadaci\\src\\pages\\NotFoundPage\\index.ts": {"path":"C:\\Users\\Ira\\.vscode\\zadaci\\src\\pages\\NotFoundPage\\index.ts","statementMap":{"0":{"start":{"line":1,"column":0},"end":{"line":1,"column":9}},"1":{"start":{"line":3,"column":9},"end":{"line":1,"column":49}}},"fnMap":{"0":{"name":"(anonymous_0)","decl":{"start":{"line":3,"column":9},"end":{"line":3,"column":21}},"loc":{"start":{"line":3,"column":9},"end":{"line":1,"column":49}}}},"branchMap":{},"s":{"0":1,"1":2},"f":{"0":1},"b":{}}
,"C:\\Users\\Ira\\.vscode\\zadaci\\src\\pages\\NotFoundPage\\ui\\NotFoundPage.tsx": {"path":"C:\\Users\\Ira\\.vscode\\zadaci\\src\\pages\\NotFoundPage\\ui\\NotFoundPage.tsx","statementMap":{"0":{"start":{"line":1,"column":0},"end":{"line":1,"column":61}},"1":{"start":{"line":2,"column":0},"end":{"line":2,"column":47}},"2":{"start":{"line":3,"column":0},"end":{"line":3,"column":47}},"3":{"start":{"line":9,"column":28},"end":{"line":16,"column":1}},"4":{"start":{"line":9,"column":39},"end":{"line":9,"column":60}},"5":{"start":{"line":10,"column":16},"end":{"line":10,"column":33}},"6":{"start":{"line":11,"column":4},"end":{"line":15,"column":null}},"7":{"start":{"line":9,"column":13},"end":{"line":9,"column":28}}},"fnMap":{"0":{"name":"(anonymous_1)","decl":{"start":{"line":9,"column":28},"end":{"line":9,"column":29}},"loc":{"start":{"line":9,"column":60},"end":{"line":16,"column":1}}}},"branchMap":{},"s":{"0":1,"1":1,"2":1,"3":1,"4":0,"5":0,"6":0,"7":1},"f":{"0":0},"b":{}}
,"C:\\Users\\Ira\\.vscode\\zadaci\\src\\shared\\config\\i18n\\i18n.ts": {"path":"C:\\Users\\Ira\\.vscode\\zadaci\\src\\shared\\config\\i18n\\i18n.ts","statementMap":{"0":{"start":{"line":1,"column":0},"end":{"line":1,"column":27}},"1":{"start":{"line":2,"column":0},"end":{"line":2,"column":49}},"2":{"start":{"line":4,"column":0},"end":{"line":4,"column":43}},"3":{"start":{"line":5,"column":0},"end":{"line":5,"column":64}},"4":{"start":{"line":7,"column":0},"end":{"line":22,"column":7}},"5":{"start":{"line":25,"column":0},"end":{"line":25,"column":20}}},"fnMap":{},"branchMap":{"0":{"loc":{"start":{"line":13,"column":15},"end":{"line":13,"column":40}},"type":"cond-expr","locations":[{"start":{"line":13,"column":28},"end":{"line":13,"column":32}},{"start":{"line":13,"column":35},"end":{"line":13,"column":40}}]}},"s":{"0":1,"1":1,"2":1,"3":1,"4":1,"5":1},"f":{},"b":{"0":[1,0]}}
,"C:\\Users\\Ira\\.vscode\\zadaci\\src\\shared\\config\\i18n\\i18nForTest.ts": {"path":"C:\\Users\\Ira\\.vscode\\zadaci\\src\\shared\\config\\i18n\\i18nForTest.ts","statementMap":{"0":{"start":{"line":1,"column":0},"end":{"line":1,"column":49}},"1":{"start":{"line":2,"column":0},"end":{"line":2,"column":26}},"2":{"start":{"line":4,"column":0},"end":{"line":19,"column":7}},"3":{"start":{"line":21,"column":0},"end":{"line":21,"column":20}}},"fnMap":{},"branchMap":{},"s":{"0":1,"1":1,"2":1,"3":1},"f":{},"b":{}}
,"C:\\Users\\Ira\\.vscode\\zadaci\\src\\shared\\config\\routesConfig\\routeConfig.tsx": {"path":"C:\\Users\\Ira\\.vscode\\zadaci\\src\\shared\\config\\routesConfig\\routeConfig.tsx","statementMap":{"0":{"start":{"line":1,"column":0},"end":{"line":1,"column":43}},"1":{"start":{"line":2,"column":0},"end":{"line":2,"column":41}},"2":{"start":{"line":3,"column":0},"end":{"line":3,"column":49}},"3":{"start":{"line":6,"column":0},"end":{"line":6,"column":null}},"4":{"start":{"line":7,"column":4},"end":{"line":7,"column":null}},"5":{"start":{"line":8,"column":4},"end":{"line":8,"column":null}},"6":{"start":{"line":9,"column":4},"end":{"line":9,"column":null}},"7":{"start":{"line":12,"column":13},"end":{"line":16,"column":null}},"8":{"start":{"line":18,"column":13},"end":{"line":31,"column":null}}},"fnMap":{"0":{"name":"(anonymous_0)","decl":{"start":{"line":6,"column":0},"end":{"line":6,"column":12}},"loc":{"start":{"line":6,"column":21},"end":{"line":10,"column":1}}}},"branchMap":{"0":{"loc":{"start":{"line":6,"column":12},"end":{"line":6,"column":null}},"type":"binary-expr","locations":[{"start":{"line":6,"column":12},"end":{"line":6,"column":21}},{"start":{"line":6,"column":21},"end":{"line":6,"column":null}}]}},"s":{"0":1,"1":1,"2":1,"3":1,"4":1,"5":1,"6":1,"7":1,"8":1},"f":{"0":1},"b":{"0":[1,1]}}
,"C:\\Users\\Ira\\.vscode\\zadaci\\src\\shared\\lib\\classNames\\classNames.ts": {"path":"C:\\Users\\Ira\\.vscode\\zadaci\\src\\shared\\lib\\classNames\\classNames.ts","statementMap":{"0":{"start":{"line":3,"column":0},"end":{"line":3,"column":16}},"1":{"start":{"line":3,"column":40},"end":{"line":3,"column":57}},"2":{"start":{"line":3,"column":57},"end":{"line":3,"column":null}},"3":{"start":{"line":4,"column":4},"end":{"line":11,"column":19}},"4":{"start":{"line":8,"column":23},"end":{"line":8,"column":25}},"5":{"start":{"line":8,"column":30},"end":{"line":8,"column":31}},"6":{"start":{"line":8,"column":36},"end":{"line":8,"column":51}},"7":{"start":{"line":9,"column":28},"end":{"line":9,"column":29}},"8":{"start":{"line":9,"column":34},"end":{"line":9,"column":44}}},"fnMap":{"0":{"name":"classNames","decl":{"start":{"line":3,"column":16},"end":{"line":3,"column":26}},"loc":{"start":{"line":3,"column":82},"end":{"line":12,"column":1}}},"1":{"name":"(anonymous_2)","decl":{"start":{"line":8,"column":20},"end":{"line":8,"column":21}},"loc":{"start":{"line":8,"column":31},"end":{"line":8,"column":43}}},"2":{"name":"(anonymous_3)","decl":{"start":{"line":9,"column":17},"end":{"line":9,"column":18}},"loc":{"start":{"line":9,"column":29},"end":{"line":9,"column":43}}}},"branchMap":{"0":{"loc":{"start":{"line":3,"column":40},"end":{"line":3,"column":57}},"type":"if","locations":[{"start":{"line":3,"column":40},"end":{"line":3,"column":57}}]},"1":{"loc":{"start":{"line":3,"column":57},"end":{"line":3,"column":null}},"type":"if","locations":[{"start":{"line":3,"column":57},"end":{"line":3,"column":null}}]}},"s":{"0":1,"1":26,"2":26,"3":26,"4":31,"5":31,"6":31,"7":23,"8":23},"f":{"0":26,"1":31,"2":23},"b":{"0":[0],"1":[0]}}
,"C:\\Users\\Ira\\.vscode\\zadaci\\src\\shared\\lib\\tests\\componentRender\\componentRender.tsx": {"path":"C:\\Users\\Ira\\.vscode\\zadaci\\src\\shared\\lib\\tests\\componentRender\\componentRender.tsx","statementMap":{"0":{"start":{"line":11,"column":0},"end":{"line":11,"column":16}},"1":{"start":{"line":2,"column":0},"end":{"line":2,"column":48}},"2":{"start":{"line":3,"column":0},"end":{"line":3,"column":48}},"3":{"start":{"line":4,"column":0},"end":{"line":4,"column":58}},"4":{"start":{"line":5,"column":0},"end":{"line":5,"column":48}},"5":{"start":{"line":11,"column":54},"end":{"line":11,"column":null}},"6":{"start":{"line":14,"column":8},"end":{"line":14,"column":null}},"7":{"start":{"line":13,"column":13},"end":{"line":13,"column":null}},"8":{"start":{"line":15,"column":4},"end":{"line":21,"column":null}}},"fnMap":{"0":{"name":"componentRender","decl":{"start":{"line":11,"column":16},"end":{"line":11,"column":31}},"loc":{"start":{"line":11,"column":91},"end":{"line":22,"column":1}}}},"branchMap":{"0":{"loc":{"start":{"line":11,"column":54},"end":{"line":11,"column":null}},"type":"if","locations":[{"start":{"line":11,"column":54},"end":{"line":11,"column":null}}]},"1":{"loc":{"start":{"line":13,"column":13},"end":{"line":13,"column":null}},"type":"cond-expr","locations":[{"start":{"line":13,"column":16},"end":{"line":13,"column":19}},{"start":{"line":13,"column":19},"end":{"line":13,"column":null}}]}},"s":{"0":1,"1":1,"2":1,"3":1,"4":1,"5":4,"6":2,"7":2,"8":2},"f":{"0":2},"b":{"0":[2],"1":[2,0]}}
,"C:\\Users\\Ira\\.vscode\\zadaci\\src\\shared\\ui\\AppLink\\AppLink.tsx": {"path":"C:\\Users\\Ira\\.vscode\\zadaci\\src\\shared\\ui\\AppLink\\AppLink.tsx","statementMap":{"0":{"start":{"line":1,"column":0},"end":{"line":1,"column":61}},"1":{"start":{"line":2,"column":0},"end":{"line":2,"column":42}},"2":{"start":{"line":3,"column":0},"end":{"line":3,"column":50}},"3":{"start":{"line":6,"column":0},"end":{"line":6,"column":null}},"4":{"start":{"line":7,"column":4},"end":{"line":7,"column":null}},"5":{"start":{"line":8,"column":4},"end":{"line":8,"column":null}},"6":{"start":{"line":9,"column":4},"end":{"line":9,"column":null}},"7":{"start":{"line":17,"column":42},"end":{"line":35,"column":1}},"8":{"start":{"line":24,"column":8},"end":{"line":24,"column":14}},"9":{"start":{"line":22,"column":13},"end":{"line":22,"column":null}},"10":{"start":{"line":23,"column":21},"end":{"line":24,"column":8}},"11":{"start":{"line":26,"column":4},"end":{"line":34,"column":null}},"12":{"start":{"line":17,"column":13},"end":{"line":17,"column":42}}},"fnMap":{"0":{"name":"(anonymous_4)","decl":{"start":{"line":6,"column":0},"end":{"line":6,"column":12}},"loc":{"start":{"line":6,"column":24},"end":{"line":10,"column":1}}},"1":{"name":"(anonymous_5)","decl":{"start":{"line":17,"column":42},"end":{"line":17,"column":43}},"loc":{"start":{"line":17,"column":48},"end":{"line":35,"column":1}}}},"branchMap":{"0":{"loc":{"start":{"line":6,"column":12},"end":{"line":6,"column":null}},"type":"binary-expr","locations":[{"start":{"line":6,"column":12},"end":{"line":6,"column":24}},{"start":{"line":6,"column":24},"end":{"line":6,"column":null}}]},"1":{"loc":{"start":{"line":22,"column":13},"end":{"line":22,"column":null}},"type":"cond-expr","locations":[{"start":{"line":22,"column":16},"end":{"line":22,"column":36}},{"start":{"line":22,"column":36},"end":{"line":22,"column":null}}]}},"s":{"0":1,"1":1,"2":1,"3":1,"4":1,"5":1,"6":1,"7":1,"8":24,"9":6,"10":6,"11":6,"12":1},"f":{"0":1,"1":6},"b":{"0":[1,1],"1":[0,6]}}
,"C:\\Users\\Ira\\.vscode\\zadaci\\src\\shared\\ui\\Button\\Button.tsx": {"path":"C:\\Users\\Ira\\.vscode\\zadaci\\src\\shared\\ui\\Button\\Button.tsx","statementMap":{"0":{"start":{"line":1,"column":0},"end":{"line":1,"column":61}},"1":{"start":{"line":2,"column":0},"end":{"line":2,"column":41}},"2":{"start":{"line":4,"column":0},"end":{"line":4,"column":null}},"3":{"start":{"line":5,"column":4},"end":{"line":5,"column":null}},"4":{"start":{"line":6,"column":4},"end":{"line":6,"column":null}},"5":{"start":{"line":7,"column":4},"end":{"line":7,"column":null}},"6":{"start":{"line":8,"column":4},"end":{"line":8,"column":null}},"7":{"start":{"line":11,"column":0},"end":{"line":11,"column":null}},"8":{"start":{"line":12,"column":4},"end":{"line":12,"column":null}},"9":{"start":{"line":13,"column":4},"end":{"line":13,"column":null}},"10":{"start":{"line":14,"column":4},"end":{"line":14,"column":null}},"11":{"start":{"line":24,"column":46},"end":{"line":54,"column":1}},"12":{"start":{"line":33,"column":8},"end":{"line":33,"column":null}},"13":{"start":{"line":31,"column":12},"end":{"line":31,"column":null}},"14":{"start":{"line":32,"column":21},"end":{"line":33,"column":8}},"15":{"start":{"line":37,"column":14},"end":{"line":41,"column":null}},"16":{"start":{"line":43,"column":4},"end":{"line":43,"column":null}},"17":{"start":{"line":45,"column":4},"end":{"line":53,"column":null}},"18":{"start":{"line":24,"column":13},"end":{"line":24,"column":46}}},"fnMap":{"0":{"name":"(anonymous_4)","decl":{"start":{"line":4,"column":0},"end":{"line":4,"column":12}},"loc":{"start":{"line":4,"column":23},"end":{"line":9,"column":1}}},"1":{"name":"(anonymous_5)","decl":{"start":{"line":11,"column":0},"end":{"line":11,"column":12}},"loc":{"start":{"line":11,"column":22},"end":{"line":15,"column":1}}},"2":{"name":"(anonymous_6)","decl":{"start":{"line":24,"column":46},"end":{"line":24,"column":47}},"loc":{"start":{"line":24,"column":52},"end":{"line":54,"column":1}}}},"branchMap":{"0":{"loc":{"start":{"line":4,"column":12},"end":{"line":4,"column":null}},"type":"binary-expr","locations":[{"start":{"line":4,"column":12},"end":{"line":4,"column":23}},{"start":{"line":4,"column":23},"end":{"line":4,"column":null}}]},"1":{"loc":{"start":{"line":11,"column":12},"end":{"line":11,"column":null}},"type":"binary-expr","locations":[{"start":{"line":11,"column":12},"end":{"line":11,"column":22}},{"start":{"line":11,"column":22},"end":{"line":11,"column":null}}]},"2":{"loc":{"start":{"line":31,"column":12},"end":{"line":31,"column":null}},"type":"cond-expr","locations":[{"start":{"line":31,"column":15},"end":{"line":31,"column":27}},{"start":{"line":31,"column":27},"end":{"line":31,"column":null}}]}},"s":{"0":1,"1":1,"2":1,"3":1,"4":1,"5":1,"6":1,"7":1,"8":1,"9":1,"10":1,"11":1,"12":45,"13":9,"14":9,"15":9,"16":9,"17":9,"18":1},"f":{"0":1,"1":1,"2":9},"b":{"0":[1,1],"1":[1,1],"2":[6,3]}}
,"C:\\Users\\Ira\\.vscode\\zadaci\\src\\widgets\\LanguageSwither\\index.ts": {"path":"C:\\Users\\Ira\\.vscode\\zadaci\\src\\widgets\\LanguageSwither\\index.ts","statementMap":{"0":{"start":{"line":1,"column":0},"end":{"line":1,"column":9}},"1":{"start":{"line":3,"column":9},"end":{"line":1,"column":55}}},"fnMap":{"0":{"name":"(anonymous_0)","decl":{"start":{"line":3,"column":9},"end":{"line":3,"column":24}},"loc":{"start":{"line":3,"column":9},"end":{"line":1,"column":55}}}},"branchMap":{},"s":{"0":1,"1":5},"f":{"0":4},"b":{}}
,"C:\\Users\\Ira\\.vscode\\zadaci\\src\\widgets\\LanguageSwither\\ui\\LanguageSwither.tsx": {"path":"C:\\Users\\Ira\\.vscode\\zadaci\\src\\widgets\\LanguageSwither\\ui\\LanguageSwither.tsx","statementMap":{"0":{"start":{"line":1,"column":0},"end":{"line":1,"column":61}},"1":{"start":{"line":2,"column":0},"end":{"line":2,"column":50}},"2":{"start":{"line":3,"column":0},"end":{"line":3,"column":47}},"3":{"start":{"line":4,"column":0},"end":{"line":4,"column":62}},"4":{"start":{"line":11,"column":31},"end":{"line":28,"column":1}},"5":{"start":{"line":11,"column":43},"end":{"line":11,"column":45}},"6":{"start":{"line":11,"column":50},"end":{"line":11,"column":75}},"7":{"start":{"line":13,"column":24},"end":{"line":13,"column":40}},"8":{"start":{"line":13,"column":13},"end":{"line":13,"column":15}},"9":{"start":{"line":13,"column":19},"end":{"line":13,"column":24}},"10":{"start":{"line":15,"column":19},"end":{"line":17,"column":5}},"11":{"start":{"line":16,"column":8},"end":{"line":16,"column":66}},"12":{"start":{"line":19,"column":4},"end":{"line":27,"column":null}},"13":{"start":{"line":11,"column":13},"end":{"line":11,"column":31}}},"fnMap":{"0":{"name":"(anonymous_1)","decl":{"start":{"line":11,"column":31},"end":{"line":11,"column":32}},"loc":{"start":{"line":11,"column":75},"end":{"line":28,"column":1}}},"1":{"name":"(anonymous_2)","decl":{"start":{"line":15,"column":19},"end":{"line":15,"column":null}},"loc":{"start":{"line":15,"column":19},"end":{"line":17,"column":5}}}},"branchMap":{"0":{"loc":{"start":{"line":16,"column":28},"end":{"line":16,"column":64}},"type":"cond-expr","locations":[{"start":{"line":16,"column":53},"end":{"line":16,"column":57}},{"start":{"line":16,"column":60},"end":{"line":16,"column":64}}]},"1":{"loc":{"start":{"line":25,"column":13},"end":{"line":25,"column":94}},"type":"cond-expr","locations":[{"start":{"line":25,"column":21},"end":{"line":25,"column":39}},{"start":{"line":25,"column":42},"end":{"line":25,"column":94}}]},"2":{"loc":{"start":{"line":25,"column":44},"end":{"line":25,"column":93}},"type":"cond-expr","locations":[{"start":{"line":25,"column":69},"end":{"line":25,"column":78}},{"start":{"line":25,"column":81},"end":{"line":25,"column":93}}]}},"s":{"0":1,"1":1,"2":1,"3":1,"4":1,"5":4,"6":4,"7":4,"8":4,"9":4,"10":4,"11":0,"12":4,"13":1},"f":{"0":4,"1":0},"b":{"0":[0,0],"1":[2,2],"2":[2,0]}}
,"C:\\Users\\Ira\\.vscode\\zadaci\\src\\widgets\\Sidebar\\ui\\Sidebar\\Sidebar.tsx": {"path":"C:\\Users\\Ira\\.vscode\\zadaci\\src\\widgets\\Sidebar\\ui\\Sidebar\\Sidebar.tsx","statementMap":{"0":{"start":{"line":1,"column":0},"end":{"line":1,"column":61}},"1":{"start":{"line":2,"column":0},"end":{"line":2,"column":42}},"2":{"start":{"line":3,"column":0},"end":{"line":3,"column":40}},"3":{"start":{"line":4,"column":0},"end":{"line":4,"column":54}},"4":{"start":{"line":5,"column":0},"end":{"line":5,"column":58}},"5":{"start":{"line":6,"column":0},"end":{"line":6,"column":74}},"6":{"start":{"line":7,"column":0},"end":{"line":7,"column":66}},"7":{"start":{"line":8,"column":0},"end":{"line":8,"column":47}},"8":{"start":{"line":9,"column":0},"end":{"line":9,"column":67}},"9":{"start":{"line":10,"column":0},"end":{"line":10,"column":54}},"10":{"start":{"line":11,"column":0},"end":{"line":11,"column":52}},"11":{"start":{"line":17,"column":48},"end":{"line":71,"column":1}},"12":{"start":{"line":17,"column":60},"end":{"line":17,"column":77}},"13":{"start":{"line":19,"column":38},"end":{"line":19,"column":53}},"14":{"start":{"line":19,"column":20},"end":{"line":19,"column":22}},"15":{"start":{"line":19,"column":34},"end":{"line":19,"column":38}},"16":{"start":{"line":21,"column":21},"end":{"line":23,"column":5}},"17":{"start":{"line":22,"column":8},"end":{"line":22,"column":33}},"18":{"start":{"line":25,"column":18},"end":{"line":25,"column":35}},"19":{"start":{"line":27,"column":4},"end":{"line":70,"column":null}},"20":{"start":{"line":17,"column":13},"end":{"line":17,"column":48}}},"fnMap":{"0":{"name":"(anonymous_1)","decl":{"start":{"line":17,"column":48},"end":{"line":17,"column":49}},"loc":{"start":{"line":17,"column":77},"end":{"line":71,"column":1}}},"1":{"name":"(anonymous_2)","decl":{"start":{"line":21,"column":21},"end":{"line":21,"column":null}},"loc":{"start":{"line":21,"column":21},"end":{"line":23,"column":5}}}},"branchMap":{"0":{"loc":{"start":{"line":40,"column":17},"end":{"line":40,"column":38}},"type":"cond-expr","locations":[{"start":{"line":40,"column":29},"end":{"line":40,"column":32}},{"start":{"line":40,"column":35},"end":{"line":40,"column":38}}]}},"s":{"0":1,"1":1,"2":1,"3":1,"4":1,"5":1,"6":1,"7":1,"8":1,"9":1,"10":1,"11":1,"12":4,"13":4,"14":4,"15":4,"16":4,"17":1,"18":4,"19":4,"20":1},"f":{"0":4,"1":1},"b":{"0":[2,2]}}
,"C:\\Users\\Ira\\.vscode\\zadaci\\src\\widgets\\ThemeSwitcher\\index.ts": {"path":"C:\\Users\\Ira\\.vscode\\zadaci\\src\\widgets\\ThemeSwitcher\\index.ts","statementMap":{"0":{"start":{"line":1,"column":0},"end":{"line":1,"column":9}},"1":{"start":{"line":3,"column":9},"end":{"line":1,"column":51}}},"fnMap":{"0":{"name":"(anonymous_0)","decl":{"start":{"line":3,"column":9},"end":{"line":3,"column":22}},"loc":{"start":{"line":3,"column":9},"end":{"line":1,"column":51}}}},"branchMap":{},"s":{"0":1,"1":5},"f":{"0":4},"b":{}}
,"C:\\Users\\Ira\\.vscode\\zadaci\\src\\widgets\\ThemeSwitcher\\ui\\ThemeSwitcher.tsx": {"path":"C:\\Users\\Ira\\.vscode\\zadaci\\src\\widgets\\ThemeSwitcher\\ui\\ThemeSwitcher.tsx","statementMap":{"0":{"start":{"line":1,"column":0},"end":{"line":1,"column":61}},"1":{"start":{"line":2,"column":0},"end":{"line":2,"column":62}},"2":{"start":{"line":3,"column":0},"end":{"line":3,"column":57}},"3":{"start":{"line":4,"column":0},"end":{"line":4,"column":59}},"4":{"start":{"line":5,"column":0},"end":{"line":5,"column":62}},"5":{"start":{"line":11,"column":29},"end":{"line":25,"column":1}},"6":{"start":{"line":11,"column":41},"end":{"line":11,"column":64}},"7":{"start":{"line":13,"column":35},"end":{"line":13,"column":45}},"8":{"start":{"line":13,"column":17},"end":{"line":13,"column":19}},"9":{"start":{"line":13,"column":30},"end":{"line":13,"column":35}},"10":{"start":{"line":15,"column":4},"end":{"line":24,"column":null}},"11":{"start":{"line":11,"column":13},"end":{"line":11,"column":29}}},"fnMap":{"0":{"name":"(anonymous_1)","decl":{"start":{"line":11,"column":29},"end":{"line":11,"column":30}},"loc":{"start":{"line":11,"column":64},"end":{"line":25,"column":1}}}},"branchMap":{"0":{"loc":{"start":{"line":21,"column":13},"end":{"line":21,"column":65}},"type":"cond-expr","locations":[{"start":{"line":21,"column":37},"end":{"line":21,"column":50}},{"start":{"line":21,"column":53},"end":{"line":21,"column":65}}]}},"s":{"0":1,"1":1,"2":1,"3":1,"4":1,"5":1,"6":3,"7":3,"8":3,"9":3,"10":3,"11":1},"f":{"0":3},"b":{"0":[3,0]}}
}
