TN:
SF:config\jest\jestEmptyComponent.tsx
FN:1,(anonymous_0)
FNF:1
FNH:1
FNDA:3,(anonymous_0)
DA:1,1
DA:2,3
DA:5,1
LF:3
LH:3
BRF:0
BRH:0
end_of_record
TN:
SF:src\app\providers\ThemeProvider\index.ts
FN:7,(anonymous_1)
FN:8,(anonymous_2)
FNF:2
FNH:2
FNDA:3,(anonymous_1)
FNDA:3,(anonymous_2)
DA:1,1
DA:2,1
DA:3,1
DA:6,1
DA:7,4
DA:8,4
LF:6
LH:6
BRF:0
BRH:0
end_of_record
TN:
SF:src\app\providers\ThemeProvider\lib\ThemeContext.ts
FN:3,(anonymous_0)
FN:13,(anonymous_1)
FNF:2
FNH:1
FNDA:1,(anonymous_0)
FNDA:0,(anonymous_1)
DA:1,1
DA:3,1
DA:4,1
DA:5,1
DA:13,1
DA:15,1
LF:6
LH:6
BRDA:3,0,0,1
BRDA:3,0,1,1
BRF:2
BRH:2
end_of_record
TN:
SF:src\app\providers\ThemeProvider\lib\useTheme.ts
FN:10,useTheme
FN:14,(anonymous_1)
FNF:2
FNH:1
FNDA:3,useTheme
FNDA:0,(anonymous_1)
DA:1,1
DA:2,1
DA:10,1
DA:12,3
DA:14,3
DA:15,0
DA:16,0
DA:17,0
DA:20,3
LF:9
LH:6
BRDA:15,0,0,0
BRDA:15,0,1,0
BRF:2
BRH:0
end_of_record
TN:
SF:src\app\providers\ThemeProvider\ui\ThemeProvider.tsx
FN:6,(anonymous_0)
FN:10,(anonymous_1)
FNF:2
FNH:0
FNDA:0,(anonymous_0)
FNDA:0,(anonymous_1)
DA:1,1
DA:2,1
DA:4,1
DA:6,1
DA:8,0
DA:10,0
DA:15,0
DA:22,1
LF:8
LH:5
BRDA:4,0,0,1
BRDA:4,0,1,1
BRF:2
BRH:2
end_of_record
TN:
SF:src\shared\config\i18n\i18n.ts
FNF:0
FNH:0
DA:1,1
DA:2,1
DA:4,1
DA:5,1
DA:7,1
DA:25,1
LF:6
LH:6
BRDA:13,0,0,1
BRDA:13,0,1,0
BRF:2
BRH:1
end_of_record
TN:
SF:src\shared\config\i18n\i18nForTest.ts
FNF:0
FNH:0
DA:1,1
DA:2,1
DA:4,1
DA:21,1
LF:4
LH:4
BRF:0
BRH:0
end_of_record
TN:
SF:src\shared\lib\classNames\classNames.ts
FN:3,classNames
FN:8,(anonymous_2)
FN:9,(anonymous_3)
FNF:3
FNH:3
FNDA:16,classNames
FNDA:3,(anonymous_2)
FNDA:1,(anonymous_3)
DA:3,16
DA:4,16
DA:8,3
DA:9,1
LF:4
LH:4
BRDA:3,0,0,0
BRDA:3,1,0,0
BRF:2
BRH:0
end_of_record
TN:
SF:src\shared\lib\tests\renderWithTranslations\renderWithTranslations.tsx
FN:6,renderWithTranslations
FNF:1
FNH:1
FNDA:2,renderWithTranslations
DA:2,1
DA:3,1
DA:4,1
DA:6,1
DA:7,2
LF:5
LH:5
BRF:0
BRH:0
end_of_record
TN:
SF:src\shared\ui\Button\Button.tsx
FN:4,(anonymous_12)
FN:13,(anonymous_13)
FNF:2
FNH:2
FNDA:1,(anonymous_12)
FNDA:6,(anonymous_13)
DA:1,1
DA:2,1
DA:4,1
DA:5,1
DA:13,1
DA:19,6
DA:20,18
DA:22,6
LF:8
LH:8
BRDA:4,0,0,1
BRDA:4,0,1,1
BRF:2
BRH:2
end_of_record
TN:
SF:src\widgets\LanguageSwither\index.ts
FN:3,(anonymous_0)
FNF:1
FNH:1
FNDA:3,(anonymous_0)
DA:1,1
DA:3,4
LF:2
LH:2
BRF:0
BRH:0
end_of_record
TN:
SF:src\widgets\LanguageSwither\ui\LanguageSwither.tsx
FN:10,(anonymous_9)
FN:14,(anonymous_10)
FNF:2
FNH:1
FNDA:4,(anonymous_9)
FNDA:0,(anonymous_10)
DA:1,1
DA:2,1
DA:3,1
DA:4,1
DA:10,4
DA:12,4
DA:14,4
DA:15,0
DA:18,4
LF:9
LH:8
BRDA:15,0,0,0
BRDA:15,0,1,0
BRDA:24,1,0,4
BRDA:24,1,1,0
BRF:4
BRH:1
end_of_record
TN:
SF:src\widgets\Sidebar\ui\Sidebar\Sidebar.tsx
FN:11,(anonymous_9)
FN:15,(anonymous_10)
FNF:2
FNH:2
FNDA:3,(anonymous_9)
FNDA:1,(anonymous_10)
DA:1,1
DA:2,1
DA:3,1
DA:4,1
DA:5,1
DA:11,3
DA:13,3
DA:15,3
DA:16,1
DA:19,3
LF:10
LH:10
BRDA:29,0,0,1
BRDA:29,0,1,2
BRF:2
BRH:2
end_of_record
TN:
SF:src\widgets\ThemeSwitcher\index.ts
FN:3,(anonymous_0)
FNF:1
FNH:1
FNDA:3,(anonymous_0)
DA:1,1
DA:3,4
LF:2
LH:2
BRF:0
BRH:0
end_of_record
TN:
SF:src\widgets\ThemeSwitcher\ui\ThemeSwitcher.tsx
FN:11,(anonymous_1)
FNF:1
FNH:1
FNDA:3,(anonymous_1)
DA:1,1
DA:2,1
DA:3,1
DA:4,1
DA:5,1
DA:11,3
DA:13,3
DA:15,3
LF:8
LH:8
BRDA:21,0,0,3
BRDA:21,0,1,0
BRF:2
BRH:1
end_of_record
